Total value: 1584836
Total cost: 1330836

0  4701 3701
1  1001 1
2  7119 6119
3  2896 1896
4  8187 7187
5  8367 7367
6  1997 997
7  8690 7690
8  2022 1022
9  8613 7613
10  9347 8347
11  7874 6874
12  6522 5522
13  9122 8122
14  9730 8730
15  4486 3486
16  1705 705
17  10823 9823
18  10232 9232
19  9463 8463
20  4554 3554
21  5589 4589
22  10675 9675
23  6325 5325
24  10970 9970
25  5000 4000
26  10407 9407
27  6776 5776
28  5276 4276
29  3123 2123
30  8331 7331
31  8356 7356
32  9361 8361
33  9305 8305
34  6798 5798
35  7047 6047
36  1427 427
37  10645 9645
38  10439 9439
39  9139 8139
40  2091 1091
41  6247 5247
42  8650 7650
43  4211 3211
44  7010 6010
45  9100 8100
46  6838 5838
47  3627 2627
48  2725 1725
49  4760 3760
50  4843 3843
51  5776 4776
52  7137 6137
53  7475 6475
54  5977 4977
55  1937 937
56  8718 7718
57  3101 2101
58  4099 3099
59  5281 4281
60  5609 4609
61  8751 7751
62  10819 9819
63  4530 3530
64  7097 6097
65  10240 9240
66  1975 975
67  7248 6248
68  8226 7226
69  4768 3768
70  3241 2241
71  7031 6031
72  6584 5584
73  8613 7613
74  2348 1348
75  2881 1881
76  8475 7475
77  6367 5367
78  6178 5178
79  9712 8712
80  2641 1641
81  10410 9410
82  7898 6898
83  9157 8157
84  9250 8250
85  5824 4824
86  4391 3391
87  9242 8242
88  7101 6101
89  4472 3472
90  4636 3636
91  10722 9722
92  2087 1087
93  1775 775
94  9652 8652
95  3371 2371
96  6867 5867
97  2337 1337
98  3054 2054
99  9885 8885
100  2509 1509
101  7204 6204
102  3989 2989
103  6594 5594
104  10129 9129
105  8226 7226
106  9597 8597
107  6226 5226
108  3513 2513
109  9921 8921
110  4201 3201
111  10537 9537
112  2227 1227
113  8112 7112
114  5082 4082
115  3959 2959
116  1296 296
117  1392 392
118  6802 5802
119  6709 5709
120  4537 3537
121  2940 1940
122  3943 2943
123  8943 7943
124  3997 2997
125  1079 79
126  8642 7642
127  1922 922
128  9205 8205
129  9361 8361
130  8551 7551
131  4947 3947
132  8904 7904
133  9861 8861
134  10400 9400
135  10937 9937
136  2250 1250
137  4754 3754
138  7586 6586
139  10872 9872
140  3631 2631
141  5636 4636
142  6752 5752
143  10459 9459
144  10510 9510
145  1390 390
146  2542 1542
147  10141 9141
148  10576 9576
149  7111 6111
150  7550 6550
151  1588 588
152  10504 9504
153  9006 8006
154  7702 6702
155  6155 5155
156  3020 2020
157  3723 2723
158  4179 3179
159  5723 4723
160  2770 1770
161  1667 667
162  3095 2095
163  5829 4829
164  2598 1598
165  8487 7487
166  7885 6885
167  2590 1590
168  5239 4239
169  9370 8370
170  7037 6037
171  2823 1823
172  10898 9898
173  8173 7173
174  2923 1923
175  2056 1056
176  6261 5261
177  5977 4977
178  1786 786
179  10681 9681
180  1046 46
181  7689 6689
182  7438 6438
183  7933 6933
184  3116 2116
185  9809 8809
186  7503 6503
187  8587 7587
188  4603 3603
189  6686 5686
190  7194 6194
191  7466 6466
192  3341 2341
193  9356 8356
194  4545 3545
195  1784 784
196  9052 8052
197  8862 7862
198  3810 2810
199  7223 6223
200  3260 2260
201  6541 5541
202  6197 5197
203  7061 6061
204  4213 3213
205  2416 1416
206  10462 9462
207  9062 8062
208  8062 7062
209  7205 6205
210  9203 8203
211  7152 6152
212  1269 269
213  7913 6913
214  9160 8160
215  1267 267
216  10747 9747
217  6249 5249
218  1174 174
219  9187 8187
220  2700 1700
221  7174 6174
222  1114 114
223  5939 4939
224  10412 9412
225  5519 4519
226  6905 5905
227  1056 56
228  10109 9109
229  6381 5381
230  2369 1369
231  6551 5551
232  6525 5525
233  2128 1128
234  4987 3987
235  7812 6812
236  3660 2660
237  2753 1753
238  9149 8149
239  9544 8544
240  4764 3764
241  3684 2684
242  10396 9396
243  7830 6830
244  5905 4905
245  9725 8725
246  8030 7030
247  6330 5330
248  1384 384
249  3115 2115
250  7981 6981
251  6038 5038
253  5445 4445
296  1172 172

