82
0 1
1 2
2 3
3 4
4 3
5 5
6 4
7 5
8 6
9 6
10 5
11 7
12 7
13 7
14 6
15 6
16 7
17 4
18 5
19 6
20 6
21 5
22 7
23 1
24 7
25 7
26 6
27 6
28 7
29 4
30 5
31 6
32 6
33 5
34 7
35 7
36 7
37 6
38 6
39 7
40 4
41 5
42 6
43 6
44 5
45 7
46 1
47 2
48 7
49 7
50 6
51 6
52 7
53 4
54 5
55 6
56 6
57 7
58 7
59 7
60 7
61 6
62 6
63 7
64 4
65 5
66 6
67 6
68 5
69 7
70 1
71 7
72 7
73 6
74 6
75 7
76 4
77 5
78 6
79 6
80 5
81 7
82 7
83 7
84 6
85 6
86 7
87 4
88 5
89 6
90 6
91 5
92 7
93 3
94 2
95 1
96 7
97 7
98 6
99 6
100 7
101 4
102 5
103 6
104 6
105 7
106 7
107 7
108 7
109 6
110 6
111 7
112 4
113 5
114 6
115 6
116 7
117 7
118 1
119 7
120 7
121 6
122 6
123 7
124 4
125 5
126 6
127 6
128 7
129 7
130 7
131 7
132 6
133 6
134 7
135 4
136 5
137 6
138 6
139 5
140 7
141 3
142 2
143 7
144 7
145 6
146 6
147 7
148 4
149 5
150 6
151 6
152 7
153 7
154 7
155 7
156 6
157 6
158 7
159 4
160 5
161 6
162 6
163 5
164 7
165 2
166 7
167 7
168 6
169 6
170 7
171 4
172 5
173 6
174 6
175 5
176 7
177 7
178 7
179 6
180 6
181 7
182 4
183 5
184 6
185 6
186 5
187 7
188 3
189 2
190 1
191 3
