17
0 1
1 2
2 3
3 4
4 3
5 5
6 4
7 5
8 6
9 6
10 5
11 7
12 7
13 7
14 6
15 6
16 7
17 4
18 5
19 6
20 6
21 5
22 7
23 1
24 7
25 7
26 6
27 6
28 7
29 4
30 5
31 6
32 6
33 5
34 7
35 7
36 7
37 6
38 6
39 7
40 4
41 5
42 6
43 6
44 5
45 7
46 1
47 2
48 7
49 7
50 6
51 6
52 7
53 4
54 5
55 6
56 6
57 7
58 7
59 7
60 7
61 6
62 6
63 7
64 4
65 5
66 6
67 6
68 5
69 7
70 1
71 7
72 7
73 6
74 6
75 7
76 4
77 5
78 6
79 6
80 5
81 7
82 7
83 7
84 6
85 6
86 7
87 4
88 5
89 6
90 6
91 5
92 7
93 3
94 2
95 1
