12
0 1
1 2
2 3
3 4
4 3
5 5
6 4
7 5
8 6
9 6
10 5
11 7
12 7
13 7
14 6
15 6
16 7
17 8
18 8
19 8
20 8
21 8
22 7
23 1
24 7
25 7
26 6
27 6
28 7
29 8
30 8
31 8
32 8
33 8
34 7
35 7
36 7
37 6
38 6
39 7
40 8
41 8
42 8
43 8
44 8
45 7
46 1
47 2
48 7
49 7
50 6
51 6
52 7
53 8
54 8
55 8
56 8
57 8
58 7
59 7
60 7
61 6
62 6
63 7
64 8
65 8
66 8
67 8
68 8
69 7
70 1
71 7
72 7
73 6
74 6
75 7
76 8
77 8
78 8
79 8
80 8
81 7
82 7
83 7
84 6
85 6
86 7
87 8
88 8
89 8
90 8
91 8
92 7
93 3
94 2
95 4
