206
0 1
1 2
2 3
3 4
4 3
5 5
6 4
7 5
8 6
9 6
10 5
11 7
12 7
13 7
14 6
15 6
16 7
17 8
18 8
19 8
20 8
21 8
22 7
23 9
24 9
25 9
26 9
27 9
28 9
29 8
30 8
31 8
32 8
33 8
34 9
35 7
36 7
37 6
38 6
39 7
40 8
41 8
42 8
43 8
44 8
45 7
46 9
47 9
48 9
49 9
50 9
51 9
52 9
53 8
54 8
55 8
56 8
57 8
58 9
59 7
60 7
61 6
62 6
63 7
64 8
65 8
66 8
67 8
68 8
69 9
70 9
71 9
72 9
73 9
74 9
75 9
76 8
77 8
78 8
79 8
80 8
81 9
82 7
83 7
84 6
85 6
86 7
87 8
88 8
89 8
90 8
91 8
92 7
93 9
94 9
95 9
96 9
97 9
98 9
99 9
100 9
101 8
102 8
103 8
104 8
105 8
106 9
107 7
108 7
109 6
110 6
111 7
112 8
113 8
114 8
115 8
116 8
117 9
118 9
119 9
120 9
121 9
122 9
123 9
124 8
125 8
126 8
127 8
128 8
129 9
130 7
131 7
132 6
133 6
134 7
135 8
136 8
137 8
138 8
139 8
140 9
141 9
142 9
143 9
144 9
145 9
146 9
147 9
148 8
149 8
150 8
151 8
152 8
153 9
154 7
155 7
156 6
157 6
158 7
159 8
160 8
161 8
162 8
163 8
164 9
165 9
166 7
167 7
168 6
169 6
170 7
171 8
172 8
173 8
174 8
175 8
176 9
177 7
178 7
179 6
180 6
181 7
182 8
183 8
184 8
185 8
186 8
187 7
188 9
189 9
190 9
191 9
